[debug] [2018-06-27T04:49:00.512Z] ----------------------------------------------------------------------
[debug] [2018-06-27T04:49:00.515Z] Command:       /usr/local/bin/node /usr/local/bin/firebase deploy
[debug] [2018-06-27T04:49:00.515Z] CLI Version:   3.18.6
[debug] [2018-06-27T04:49:00.515Z] Platform:      darwin
[debug] [2018-06-27T04:49:00.515Z] Node Version:  v8.11.3
[debug] [2018-06-27T04:49:00.516Z] Time:          Tue Jun 26 2018 21:49:00 GMT-0700 (PDT)
[debug] [2018-06-27T04:49:00.516Z] ----------------------------------------------------------------------
[debug] 
[debug] [2018-06-27T04:49:00.545Z] > command requires scopes: ["email","openid","https://www.googleapis.com/auth/cloudplatformprojects.readonly","https://www.googleapis.com/auth/firebase","https://www.googleapis.com/auth/cloud-platform"]
[debug] [2018-06-27T04:49:00.545Z] > authorizing via signed-in user
[debug] [2018-06-27T04:49:00.547Z] > refreshing access token with scopes: ["email","https://www.googleapis.com/auth/cloud-platform","https://www.googleapis.com/auth/cloudplatformprojects.readonly","https://www.googleapis.com/auth/firebase","openid"]
[debug] [2018-06-27T04:49:00.548Z] >>> HTTP REQUEST POST https://www.googleapis.com/oauth2/v3/token  
 { refresh_token: '1/EqIJ3be_gyfSyLT9j1faZhBqWkiVCtQtUbyxUP6l02fMS8oSxwljYHDGl3r6mXjU',
  client_id: '563584335869-fgrhgmd47bqnekij5i8b5pr03ho849e6.apps.googleusercontent.com',
  client_secret: 'j9iVZfS8kkCEFUPaAeJV0sAi',
  grant_type: 'refresh_token',
  scope: 'email https://www.googleapis.com/auth/cloud-platform https://www.googleapis.com/auth/cloudplatformprojects.readonly https://www.googleapis.com/auth/firebase openid' } 
 Tue Jun 26 2018 21:49:00 GMT-0700 (PDT)
[debug] [2018-06-27T04:49:00.808Z] <<< HTTP RESPONSE 200
[debug] [2018-06-27T04:49:00.827Z] >>> HTTP REQUEST GET https://admin.firebase.com/v1/projects/acumeal-c8f89  
  
 Tue Jun 26 2018 21:49:00 GMT-0700 (PDT)
[debug] [2018-06-27T04:49:01.365Z] <<< HTTP RESPONSE 200
[debug] [2018-06-27T04:49:01.366Z] >>> HTTP REQUEST GET https://admin.firebase.com/v1/database/acumeal-c8f89/tokens  
  
 Tue Jun 26 2018 21:49:01 GMT-0700 (PDT)
[debug] [2018-06-27T04:49:01.761Z] <<< HTTP RESPONSE 200
[info] 
[info] === Deploying to 'acumeal-c8f89'...
[info] 
[info] i  deploying firestore, functions, hosting
[info] i  firestore: checking firestore.rules for compilation errors...
[debug] [2018-06-27T04:49:06.013Z] >>> HTTP REQUEST POST https://firebaserules.googleapis.com/v1/projects/acumeal-c8f89:test  
 { source: { files: [ [Object] ] } } 
 Tue Jun 26 2018 21:49:06 GMT-0700 (PDT)
[debug] [2018-06-27T04:49:06.469Z] <<< HTTP RESPONSE 200
[info] ✔  firestore: rules file firestore.rules compiled successfully
[debug] [2018-06-27T04:49:06.473Z] > [functions] package.json contents: {
  "name": "functions",
  "description": "Cloud Functions for Firebase",
  "scripts": {
    "serve": "firebase serve --only functions",
    "shell": "firebase functions:shell",
    "start": "npm run shell",
    "deploy": "firebase deploy --only functions",
    "logs": "firebase functions:log"
  },
  "dependencies": {
    "firebase-admin": "~5.12.1",
    "firebase-functions": "^1.0.3"
  },
  "private": true
}
[info] i  functions: ensuring necessary APIs are enabled...
[debug] [2018-06-27T04:49:06.475Z] >>> HTTP REQUEST GET https://servicemanagement.googleapis.com/v1/services/cloudfunctions.googleapis.com/projectSettings/acumeal-c8f89?view=CONSUMER_VIEW  
  
 Tue Jun 26 2018 21:49:06 GMT-0700 (PDT)
[debug] [2018-06-27T04:49:06.476Z] >>> HTTP REQUEST GET https://servicemanagement.googleapis.com/v1/services/runtimeconfig.googleapis.com/projectSettings/acumeal-c8f89?view=CONSUMER_VIEW  
  
 Tue Jun 26 2018 21:49:06 GMT-0700 (PDT)
[debug] [2018-06-27T04:49:07.184Z] <<< HTTP RESPONSE 200
[debug] [2018-06-27T04:49:07.194Z] <<< HTTP RESPONSE 200
[info] ✔  functions: all necessary APIs are enabled
[debug] [2018-06-27T04:49:07.195Z] >>> HTTP REQUEST GET https://cloudresourcemanager.googleapis.com/v1/projects/acumeal-c8f89  
  
 Tue Jun 26 2018 21:49:07 GMT-0700 (PDT)
[debug] [2018-06-27T04:49:07.554Z] <<< HTTP RESPONSE 200
[debug] [2018-06-27T04:49:07.555Z] >>> HTTP REQUEST GET https://mobilesdk-pa.googleapis.com/v1/projects/741968191320:getServerAppConfig  
  
 Tue Jun 26 2018 21:49:07 GMT-0700 (PDT)
[debug] [2018-06-27T04:49:07.873Z] <<< HTTP RESPONSE 200
[info] i  firestore: uploading rules firestore.rules...
[debug] [2018-06-27T04:49:07.881Z] >>> HTTP REQUEST POST https://firebaserules.googleapis.com/v1/projects/acumeal-c8f89/rulesets  
 { source: { files: [ [Object] ] } } 
 Tue Jun 26 2018 21:49:07 GMT-0700 (PDT)
[debug] [2018-06-27T04:49:07.883Z] >>> HTTP REQUEST GET https://firestore.googleapis.com/v1beta1/projects/acumeal-c8f89/databases/(default)/indexes  
  
 Tue Jun 26 2018 21:49:07 GMT-0700 (PDT)
[debug] [2018-06-27T04:49:08.307Z] <<< HTTP RESPONSE 200
[debug] [2018-06-27T04:49:08.309Z] <<< HTTP RESPONSE 200
[debug] [2018-06-27T04:49:08.310Z] [rules] created ruleset projects/acumeal-c8f89/rulesets/690983ef-edc4-4f09-8875-21b4814625ef
[info] i  functions: preparing functions directory for uploading...
[debug] [2018-06-27T04:49:08.312Z] >>> HTTP REQUEST GET https://runtimeconfig.googleapis.com/v1beta1/projects/acumeal-c8f89/configs  
  
 Tue Jun 26 2018 21:49:08 GMT-0700 (PDT)
[debug] [2018-06-27T04:49:08.605Z] <<< HTTP RESPONSE 200
[info] i  functions: packaged functions (40.03 KB) for uploading
[debug] [2018-06-27T04:49:08.902Z] >>> HTTP REQUEST POST https://cloudfunctions.googleapis.com/v1/projects/acumeal-c8f89/locations/us-central1/functions:generateUploadUrl  
  
 Tue Jun 26 2018 21:49:08 GMT-0700 (PDT)
[debug] [2018-06-27T04:49:39.257Z] <<< HTTP RESPONSE 503
[debug] [2018-06-27T04:49:39.257Z] <<< HTTP RESPONSE BODY {
  "error": {
    "code": 503,
    "message": "The service is currently unavailable.",
    "status": "UNAVAILABLE"
  }
}

[debug] [2018-06-27T04:49:39.261Z] TypeError: Cannot create property 'error' on string '{
  "error": {
    "code": 503,
    "message": "The service is currently unavailable.",
    "status": "UNAVAILABLE"
  }
}
'
    at module.exports (/usr/local/lib/node_modules/firebase-tools/lib/responseToError.js:11:16)
    at Request._callback (/usr/local/lib/node_modules/firebase-tools/lib/api.js:47:25)
    at Request.self.callback (/usr/local/lib/node_modules/firebase-tools/node_modules/request/request.js:185:22)
    at emitTwo (events.js:126:13)
    at Request.emit (events.js:214:7)
    at Request.<anonymous> (/usr/local/lib/node_modules/firebase-tools/node_modules/request/request.js:1157:10)
    at emitOne (events.js:116:13)
    at Request.emit (events.js:211:7)
    at IncomingMessage.<anonymous> (/usr/local/lib/node_modules/firebase-tools/node_modules/request/request.js:1079:12)
    at Object.onceWrapper (events.js:313:30)
[error] 
[error] Error: An unexpected error has occurred.
