[debug] [2018-06-21T06:30:25.693Z] ----------------------------------------------------------------------
[debug] [2018-06-21T06:30:25.695Z] Command:       /usr/local/bin/node /usr/local/bin/firebase serve
[debug] [2018-06-21T06:30:25.695Z] CLI Version:   3.18.5
[debug] [2018-06-21T06:30:25.695Z] Platform:      darwin
[debug] [2018-06-21T06:30:25.695Z] Node Version:  v8.11.1
[debug] [2018-06-21T06:30:25.695Z] Time:          Wed Jun 20 2018 23:30:25 GMT-0700 (PDT)
[debug] [2018-06-21T06:30:25.695Z] ----------------------------------------------------------------------
[debug] 
[debug] [2018-06-21T06:30:25.707Z] > command requires scopes: ["email","openid","https://www.googleapis.com/auth/cloudplatformprojects.readonly","https://www.googleapis.com/auth/firebase","https://www.googleapis.com/auth/cloud-platform"]
[debug] [2018-06-21T06:30:25.707Z] > authorizing via signed-in user
[debug] [2018-06-21T06:30:25.709Z] >>> HTTP REQUEST GET https://admin.firebase.com/v1/projects/acumeal-c8f89  
  
 Wed Jun 20 2018 23:30:25 GMT-0700 (PDT)
[debug] [2018-06-21T06:30:26.265Z] <<< HTTP RESPONSE 200
[debug] [2018-06-21T06:30:26.265Z] >>> HTTP REQUEST GET https://admin.firebase.com/v1/database/acumeal-c8f89/tokens  
  
 Wed Jun 20 2018 23:30:26 GMT-0700 (PDT)
[debug] [2018-06-21T06:30:26.835Z] <<< HTTP RESPONSE 200
[debug] [2018-06-21T06:30:26.836Z] >>> HTTP REQUEST GET https://cloudresourcemanager.googleapis.com/v1/projects/acumeal-c8f89  
  
 Wed Jun 20 2018 23:30:26 GMT-0700 (PDT)
[debug] [2018-06-21T06:30:27.199Z] <<< HTTP RESPONSE 200
[info] 
[info] === Serving from '/Users/rohan/Documents/Webwork/AcuMeal'...
[info] 
[debug] [2018-06-21T06:30:29.249Z] Error: EACCES: permission denied, mkdir '/usr/local/lib/node_modules/firebase-tools/node_modules/@google-cloud/functions-emulator/logs'
    at Object.fs.mkdirSync (fs.js:885:18)
    at Object.assertLogsPath (/usr/local/lib/node_modules/firebase-tools/node_modules/@google-cloud/functions-emulator/src/emulator/logs.js:65:10)
    at new Controller (/usr/local/lib/node_modules/firebase-tools/node_modules/@google-cloud/functions-emulator/src/cli/controller.js:77:32)
    at FunctionsEmulator.start (/usr/local/lib/node_modules/firebase-tools/lib/functionsEmulator.js:113:21)
    at Object.start (/usr/local/lib/node_modules/firebase-tools/lib/serve/functions.js:9:29)
    at /usr/local/lib/node_modules/firebase-tools/lib/serve/index.js:17:21
    at arrayMap (/usr/local/lib/node_modules/firebase-tools/node_modules/lodash/lodash.js:639:23)
    at Function.map (/usr/local/lib/node_modules/firebase-tools/node_modules/lodash/lodash.js:9554:14)
    at _serve (/usr/local/lib/node_modules/firebase-tools/lib/serve/index.js:15:7)
    at Command._action (/usr/local/lib/node_modules/firebase-tools/commands/serve.js:48:12)
[error] 
[error] Error: An unexpected error has occurred.
[debug] [2018-06-24T23:54:13.134Z] ----------------------------------------------------------------------
[debug] [2018-06-24T23:54:13.136Z] Command:       /usr/local/bin/node /usr/local/bin/firebase serve
[debug] [2018-06-24T23:54:13.136Z] CLI Version:   3.18.5
[debug] [2018-06-24T23:54:13.136Z] Platform:      darwin
[debug] [2018-06-24T23:54:13.136Z] Node Version:  v8.11.1
[debug] [2018-06-24T23:54:13.137Z] Time:          Sun Jun 24 2018 16:54:13 GMT-0700 (PDT)
[debug] [2018-06-24T23:54:13.137Z] ----------------------------------------------------------------------
[debug] 
[debug] [2018-06-24T23:54:13.153Z] > command requires scopes: ["email","openid","https://www.googleapis.com/auth/cloudplatformprojects.readonly","https://www.googleapis.com/auth/firebase","https://www.googleapis.com/auth/cloud-platform"]
[debug] [2018-06-24T23:54:13.153Z] > authorizing via signed-in user
[debug] [2018-06-24T23:54:13.155Z] > refreshing access token with scopes: ["email","https://www.googleapis.com/auth/cloud-platform","https://www.googleapis.com/auth/cloudplatformprojects.readonly","https://www.googleapis.com/auth/firebase","openid"]
[debug] [2018-06-24T23:54:13.155Z] >>> HTTP REQUEST POST https://www.googleapis.com/oauth2/v3/token  
 { refresh_token: '1/ExX1hrbzGnTo6hoDvBwGdtoUsF8IzWe01mQ9Wm96rLE',
  client_id: '563584335869-fgrhgmd47bqnekij5i8b5pr03ho849e6.apps.googleusercontent.com',
  client_secret: 'j9iVZfS8kkCEFUPaAeJV0sAi',
  grant_type: 'refresh_token',
  scope: 'email https://www.googleapis.com/auth/cloud-platform https://www.googleapis.com/auth/cloudplatformprojects.readonly https://www.googleapis.com/auth/firebase openid' } 
 Sun Jun 24 2018 16:54:13 GMT-0700 (PDT)
[debug] [2018-06-24T23:54:13.296Z] <<< HTTP RESPONSE 200
[debug] [2018-06-24T23:54:13.306Z] >>> HTTP REQUEST GET https://admin.firebase.com/v1/projects/acumeal-c8f89  
  
 Sun Jun 24 2018 16:54:13 GMT-0700 (PDT)
[debug] [2018-06-24T23:54:13.790Z] <<< HTTP RESPONSE 200
[debug] [2018-06-24T23:54:13.791Z] >>> HTTP REQUEST GET https://admin.firebase.com/v1/database/acumeal-c8f89/tokens  
  
 Sun Jun 24 2018 16:54:13 GMT-0700 (PDT)
[debug] [2018-06-24T23:54:14.259Z] <<< HTTP RESPONSE 200
[debug] [2018-06-24T23:54:14.259Z] >>> HTTP REQUEST GET https://cloudresourcemanager.googleapis.com/v1/projects/acumeal-c8f89  
  
 Sun Jun 24 2018 16:54:14 GMT-0700 (PDT)
[debug] [2018-06-24T23:54:14.630Z] <<< HTTP RESPONSE 200
[info] 
[info] === Serving from '/Users/rohan/Documents/Webwork/AcuMeal'...
[info] 
[debug] [2018-06-24T23:54:16.097Z] Error: EACCES: permission denied, mkdir '/usr/local/lib/node_modules/firebase-tools/node_modules/@google-cloud/functions-emulator/logs'
    at Object.fs.mkdirSync (fs.js:885:18)
    at Object.assertLogsPath (/usr/local/lib/node_modules/firebase-tools/node_modules/@google-cloud/functions-emulator/src/emulator/logs.js:65:10)
    at new Controller (/usr/local/lib/node_modules/firebase-tools/node_modules/@google-cloud/functions-emulator/src/cli/controller.js:77:32)
    at FunctionsEmulator.start (/usr/local/lib/node_modules/firebase-tools/lib/functionsEmulator.js:113:21)
    at Object.start (/usr/local/lib/node_modules/firebase-tools/lib/serve/functions.js:9:29)
    at /usr/local/lib/node_modules/firebase-tools/lib/serve/index.js:17:21
    at arrayMap (/usr/local/lib/node_modules/firebase-tools/node_modules/lodash/lodash.js:639:23)
    at Function.map (/usr/local/lib/node_modules/firebase-tools/node_modules/lodash/lodash.js:9554:14)
    at _serve (/usr/local/lib/node_modules/firebase-tools/lib/serve/index.js:15:7)
    at Command._action (/usr/local/lib/node_modules/firebase-tools/commands/serve.js:48:12)
[error] 
[error] Error: An unexpected error has occurred.
[debug] [2018-06-24T23:56:22.487Z] ----------------------------------------------------------------------
[debug] [2018-06-24T23:56:22.490Z] Command:       /usr/local/bin/node /usr/local/bin/firebase serve
[debug] [2018-06-24T23:56:22.490Z] CLI Version:   3.19.0
[debug] [2018-06-24T23:56:22.490Z] Platform:      darwin
[debug] [2018-06-24T23:56:22.490Z] Node Version:  v8.11.1
[debug] [2018-06-24T23:56:22.490Z] Time:          Sun Jun 24 2018 16:56:22 GMT-0700 (PDT)
[debug] [2018-06-24T23:56:22.490Z] ----------------------------------------------------------------------
[debug] 
[debug] [2018-06-24T23:56:22.507Z] > command requires scopes: ["email","openid","https://www.googleapis.com/auth/cloudplatformprojects.readonly","https://www.googleapis.com/auth/firebase","https://www.googleapis.com/auth/cloud-platform"]
[debug] [2018-06-24T23:56:22.507Z] > authorizing via signed-in user
[debug] [2018-06-24T23:56:22.510Z] >>> HTTP REQUEST GET https://admin.firebase.com/v1/projects/acumeal-c8f89  
  
 Sun Jun 24 2018 16:56:22 GMT-0700 (PDT)
[debug] [2018-06-24T23:56:22.823Z] <<< HTTP RESPONSE 200
[debug] [2018-06-24T23:56:22.824Z] >>> HTTP REQUEST GET https://admin.firebase.com/v1/database/acumeal-c8f89/tokens  
  
 Sun Jun 24 2018 16:56:22 GMT-0700 (PDT)
[debug] [2018-06-24T23:56:23.173Z] <<< HTTP RESPONSE 200
[debug] [2018-06-24T23:56:23.175Z] >>> HTTP REQUEST GET https://cloudresourcemanager.googleapis.com/v1/projects/acumeal-c8f89  
  
 Sun Jun 24 2018 16:56:23 GMT-0700 (PDT)
[debug] [2018-06-24T23:56:23.461Z] <<< HTTP RESPONSE 200
[info] 
[info] === Serving from '/Users/rohan/Documents/Webwork/AcuMeal'...
[info] 
[debug] [2018-06-24T23:56:24.367Z] Error: EACCES: permission denied, mkdir '/usr/local/lib/node_modules/firebase-tools/node_modules/@google-cloud/functions-emulator/logs'
    at Object.fs.mkdirSync (fs.js:885:18)
    at Object.assertLogsPath (/usr/local/lib/node_modules/firebase-tools/node_modules/@google-cloud/functions-emulator/src/emulator/logs.js:65:10)
    at new Controller (/usr/local/lib/node_modules/firebase-tools/node_modules/@google-cloud/functions-emulator/src/cli/controller.js:77:32)
    at FunctionsEmulator.start (/usr/local/lib/node_modules/firebase-tools/lib/functionsEmulator.js:113:21)
    at Object.start (/usr/local/lib/node_modules/firebase-tools/lib/serve/functions.js:9:29)
    at /usr/local/lib/node_modules/firebase-tools/lib/serve/index.js:17:21
    at arrayMap (/usr/local/lib/node_modules/firebase-tools/node_modules/lodash/lodash.js:639:23)
    at Function.map (/usr/local/lib/node_modules/firebase-tools/node_modules/lodash/lodash.js:9554:14)
    at _serve (/usr/local/lib/node_modules/firebase-tools/lib/serve/index.js:15:7)
    at Command._action (/usr/local/lib/node_modules/firebase-tools/commands/serve.js:48:12)
[error] 
[error] Error: An unexpected error has occurred.
